{"name": "GOERLI Safe创建+激活账户", "status": "failed", "statusDetails": {"message": "AssertionError: assert 401 == 200\n +  where 401 = <Response [401]>.status_code", "trace": "self = <Test_create_active_success.Test_transfers_success object at 0x10c72c190>, test_title = 'GOERLI Safe创建+激活账户'\nprivatekey = ['dca5feaaf2296dca296a015b0ce26d82f89ab8d0f77ec98901a77e96f6e2e2da']\npublickey = ['0244fb46bba2e912f26a73126b89742ed7f521f593ee084953ae008172553a0113'], networkCode = 'GOERLI'\npayer = ''\n\n    @allure.story(\"Safe Create Active Success!\")\n    @allure.title('{test_title}')\n    @pytest.mark.parametrize('test_title,privatekey,publickey,networkCode,payer', test_data)\n    def test_safe(self,test_title,privatekey,publickey,networkCode,payer):\n    \n        with allure.step(\"创建安全账户\"):\n            acc = Http.HttpUtils.create_safe_account(\"safe\",networkCode,publickey[0])\n>           assert acc.status_code == 200\nE           assert 401 == 200\nE            +  where 401 = <Response [401]>.status_code\n\nTestcase/Test_Instructions_new/Test_Transfer/Test_Safe/Test_EVM/Test_create_active_success.py:35: AssertionError"}, "steps": [{"name": "创建安全账户", "status": "failed", "statusDetails": {"message": "AssertionError: assert 401 == 200\n +  where 401 = <Response [401]>.status_code\n", "trace": "  File \"/Users/lilong/Documents/Test_Api/Testcase/Test_Instructions_new/Test_Transfer/Test_Safe/Test_EVM/Test_create_active_success.py\", line 35, in test_safe\n    assert acc.status_code == 200\n"}, "start": 1670661346603, "stop": 1670661346789}], "attachments": [{"name": "log", "source": "c5a82978-08b0-4ac3-a288-09c8f6f40b91-attachment.txt", "type": "text/plain"}], "parameters": [{"name": "test_title", "value": "'GOERLI Safe创建+激活账户'"}, {"name": "privatekey", "value": "['dca5feaaf2296dca296a015b0ce26d82f89ab8d0f77ec98901a77e96f6e2e2da']"}, {"name": "publickey", "value": "['0244fb46bba2e912f26a73126b89742ed7f521f593ee084953ae008172553a0113']"}, {"name": "networkCode", "value": "'GOERLI'"}, {"name": "payer", "value": "''"}], "start": 1670661346603, "stop": 1670661346790, "uuid": "487c3acd-78a8-41ee-8c3d-689350bb4b8b", "historyId": "8a0a64f379a27ccdc0fdd1cb77c29734", "testCaseId": "4d3a98e053c1541470ee19e639e033f4", "fullName": "Testcase.Test_Instructions_new.Test_Transfer.Test_Safe.Test_EVM.Test_create_active_success.Test_transfers_success#test_safe", "labels": [{"name": "feature", "value": "Safe Create Active!"}, {"name": "story", "value": "Safe Create Active Success!"}, {"name": "parentSuite", "value": "Testcase.Test_Instructions_new.Test_Transfer.Test_Safe.Test_EVM"}, {"name": "suite", "value": "Test_create_active_success"}, {"name": "subSuite", "value": "Test_transfers_success"}, {"name": "host", "value": "lilongdeMacBook-Pro.local"}, {"name": "thread", "value": "5799-MainThread"}, {"name": "framework", "value": "pytest"}, {"name": "language", "value": "cpython3"}, {"name": "package", "value": "Testcase.Test_Instructions_new.Test_Transfer.Test_Safe.Test_EVM.Test_create_active_success"}]}